2018/08/01 01:49:03 [0s] - localhost:8000/docs@[::1]:59817 
2018/08/01 01:54:01 [11.714ms] - localhost:8000/docs@[::1]:60284 
2018/08/01 01:54:18 [1.0153ms] - localhost:8000/docs@[::1]:60313 
2018/08/01 02:05:49 [20.4852ms] - localhost:8000/docs@[::1]:61444 
2018/08/01 02:05:55 [1.0133ms] - localhost:8000/docs@[::1]:61444 
2018/08/01 02:06:08 [0s] - localhost:8000/docs@[::1]:61475 
2018/08/01 02:07:05 [1.0161ms] - localhost:8000/docs@[::1]:61562 
2018/08/01 02:08:31 [976.2µs] - localhost:8000/docs@[::1]:61690 
2018/08/01 02:08:32 [1.0161ms] - localhost:8000/docs@[::1]:61690 
2018/08/01 02:11:37 [15.6149ms] - localhost:8000/docs@[::1]:61958 
2018/08/01 02:12:14 [13.6589ms] - localhost:8000/docs@[::1]:61958 
2018/08/01 02:15:10 [974.2µs] - localhost:8000/docs@[::1]:62330 
2018/08/01 02:24:40 [0s] - localhost:8000/docs@[::1]:63207 
2018/08/01 02:25:02 [975.8µs] - localhost:8000/docs@[::1]:63207 
2018/08/01 02:27:50 [2.9282ms] - localhost:8000/docs@[::1]:63881 
2018/08/01 02:29:16 [3.9458ms] - localhost:8000/docs@[::1]:63881 
2018/08/01 02:29:27 [976.9µs] - localhost:8000/docs@[::1]:63881 
2018/08/01 02:29:49 [977µs] - localhost:8000/docs@[::1]:64345 
2018/08/01 02:29:57 [7.81ms] - localhost:8000/docs@[::1]:64345 
2018/08/01 02:31:36 [978.1µs] - localhost:8000/docs@[::1]:64769 
2018/08/01 02:31:42 [1.9512ms] - localhost:8000/docs@[::1]:64769 
2018/08/01 02:33:05 [1.0122ms] - localhost:8000/docs@[::1]:65126 
2018/08/01 02:33:11 [12.6874ms] - localhost:8000/docs@[::1]:65126 
2018/08/01 02:33:11 [0s] - localhost:8000/docs@[::1]:65126 
2018/08/01 02:46:07 [4.8806ms] - localhost:8000/docs@[::1]:52103 
2018/08/01 02:46:07 [975.8µs] - localhost:8000/docs@[::1]:52103 
2018/08/01 02:53:21 [1.9532ms] - localhost:8000/docs@[::1]:53718 
2018/08/01 03:35:06 [2.0314ms] - localhost:8000/docs@[::1]:61650 
2018/08/01 03:36:15 [1.8141ms] - localhost:8000/docs@[::1]:61749 
2018/08/01 03:44:53 [7.5603ms] - localhost:8000/docs/2@[::1]:63232 
2018/08/01 03:47:12 [599.8µs] - localhost:8000/docs@[::1]:63232 
2018/08/01 04:11:33 [6.797ms] - localhost:8000/api/docs@[::1]:51204 
2018/08/01 04:11:37 [766.8µs] - localhost:8000/api/docs/2@[::1]:51204 
2018/08/01 04:12:02 [3.9028ms] - localhost:8000/api/docs/2@[::1]:51292 
2018/08/01 04:13:38 [2.9744ms] - localhost:8000/api/docs@[::1]:51498 
2018/08/01 04:13:42 [2.0974ms] - localhost:8000/api/docs/2@[::1]:51498 
2018/08/01 04:14:07 [4.9162ms] - localhost:8000/api/docs/2@[::1]:51498 
2018/08/01 04:15:09 [1.0434ms] - localhost:8000/api/docs@[::1]:51498 
2018/08/01 04:15:18 [2.9278ms] - localhost:8000/api/docs/2/destroy@[::1]:51753 
2018/08/01 04:15:22 [60.7894ms] - localhost:8000/api/docs@[::1]:51498 
2018/08/01 05:14:37 [0s] - localhost:8000/api/docs/1/update@[::1]:60323 
2018/08/01 05:14:45 [1.9895ms] - localhost:8000/api/docs@[::1]:60376 
2018/08/01 05:16:26 [0s] - localhost:8000/api/docs/1/update@[::1]:60627 
2018/08/01 05:16:42 [0s] - localhost:8000/api/docs/1/update@[::1]:60627 
2018/08/01 05:17:07 [0s] - localhost:8000/api/docs/1/update@[::1]:60729 
2018/08/01 05:17:29 [978.2µs] - localhost:8000/api/docs/1/update@[::1]:60783 
2018/08/01 05:18:33 [975.8µs] - localhost:8000/api/docs/1/update@[::1]:60939 
2018/08/01 05:18:54 [977.4µs] - localhost:8000/api/docs/1/update@[::1]:60993 
2018/08/01 05:20:24 [2.9298ms] - localhost:8000/api/docs/1/update@[::1]:61227 
2018/08/01 05:20:38 [51.7642ms] - localhost:8000/api/docs@[::1]:61261 
